{"/home/bibek/tuts/ecommerce/src/config/env.ts": {"path":"/home/bibek/tuts/ecommerce/src/config/env.ts","statementMap":{"0":{"start":{"line":1,"column":0},"end":{"line":1,"column":55}},"1":{"start":{"line":2,"column":0},"end":{"line":2,"column":28}},"2":{"start":{"line":3,"column":0},"end":{"line":3,"column":16}},"3":{"start":{"line":6,"column":20},"end":{"line":6,"column":75}},"4":{"start":{"line":7,"column":16},"end":{"line":7,"column":42}},"5":{"start":{"line":10,"column":20},"end":{"line":10,"column":68}},"6":{"start":{"line":11,"column":23},"end":{"line":11,"column":62}},"7":{"start":{"line":13,"column":25},"end":{"line":13,"column":65}},"8":{"start":{"line":14,"column":25},"end":{"line":14,"column":60}},"9":{"start":{"line":15,"column":29},"end":{"line":15,"column":72}},"10":{"start":{"line":16,"column":29},"end":{"line":16,"column":72}},"11":{"start":{"line":17,"column":25},"end":{"line":17,"column":65}},"12":{"start":{"line":20,"column":22},"end":{"line":20,"column":45}},"13":{"start":{"line":21,"column":22},"end":{"line":21,"column":45}},"14":{"start":{"line":22,"column":26},"end":{"line":22,"column":53}},"15":{"start":{"line":26,"column":22},"end":{"line":26,"column":53}},"16":{"start":{"line":27,"column":22},"end":{"line":27,"column":57}},"17":{"start":{"line":28,"column":28},"end":{"line":28,"column":65}},"18":{"start":{"line":32,"column":0},"end":{"line":32,"column":19}}},"fnMap":{},"branchMap":{"0":{"loc":{"start":{"line":6,"column":20},"end":{"line":6,"column":75}},"type":"binary-expr","locations":[{"start":{"line":6,"column":20},"end":{"line":6,"column":48}},{"start":{"line":6,"column":52},"end":{"line":6,"column":75}}]},"1":{"loc":{"start":{"line":7,"column":16},"end":{"line":7,"column":42}},"type":"binary-expr","locations":[{"start":{"line":7,"column":16},"end":{"line":7,"column":34}},{"start":{"line":7,"column":38},"end":{"line":7,"column":42}}]},"2":{"loc":{"start":{"line":10,"column":20},"end":{"line":10,"column":68}},"type":"binary-expr","locations":[{"start":{"line":10,"column":20},"end":{"line":10,"column":41}},{"start":{"line":10,"column":45},"end":{"line":10,"column":68}}]},"3":{"loc":{"start":{"line":11,"column":23},"end":{"line":11,"column":62}},"type":"binary-expr","locations":[{"start":{"line":11,"column":23},"end":{"line":11,"column":47}},{"start":{"line":11,"column":51},"end":{"line":11,"column":62}}]},"4":{"loc":{"start":{"line":13,"column":25},"end":{"line":13,"column":65}},"type":"binary-expr","locations":[{"start":{"line":13,"column":25},"end":{"line":13,"column":50}},{"start":{"line":13,"column":54},"end":{"line":13,"column":65}}]},"5":{"loc":{"start":{"line":14,"column":25},"end":{"line":14,"column":60}},"type":"binary-expr","locations":[{"start":{"line":14,"column":25},"end":{"line":14,"column":52}},{"start":{"line":14,"column":56},"end":{"line":14,"column":60}}]},"6":{"loc":{"start":{"line":15,"column":29},"end":{"line":15,"column":72}},"type":"binary-expr","locations":[{"start":{"line":15,"column":29},"end":{"line":15,"column":58}},{"start":{"line":15,"column":62},"end":{"line":15,"column":72}}]},"7":{"loc":{"start":{"line":16,"column":29},"end":{"line":16,"column":72}},"type":"binary-expr","locations":[{"start":{"line":16,"column":29},"end":{"line":16,"column":58}},{"start":{"line":16,"column":62},"end":{"line":16,"column":72}}]},"8":{"loc":{"start":{"line":17,"column":25},"end":{"line":17,"column":65}},"type":"binary-expr","locations":[{"start":{"line":17,"column":25},"end":{"line":17,"column":50}},{"start":{"line":17,"column":54},"end":{"line":17,"column":65}}]},"9":{"loc":{"start":{"line":27,"column":22},"end":{"line":27,"column":57}},"type":"binary-expr","locations":[{"start":{"line":27,"column":22},"end":{"line":27,"column":45}},{"start":{"line":27,"column":49},"end":{"line":27,"column":57}}]},"10":{"loc":{"start":{"line":28,"column":28},"end":{"line":28,"column":65}},"type":"binary-expr","locations":[{"start":{"line":28,"column":28},"end":{"line":28,"column":57}},{"start":{"line":28,"column":61},"end":{"line":28,"column":65}}]}},"s":{"0":2,"1":2,"2":2,"3":2,"4":2,"5":2,"6":2,"7":2,"8":2,"9":2,"10":2,"11":2,"12":2,"13":2,"14":2,"15":2,"16":2,"17":2,"18":2},"f":{},"b":{"0":[2,2],"1":[2,2],"2":[2,2],"3":[2,2],"4":[2,2],"5":[2,2],"6":[2,2],"7":[2,2],"8":[2,2],"9":[2,2],"10":[2,2]}}
,"/home/bibek/tuts/ecommerce/src/constants/environment.ts": {"path":"/home/bibek/tuts/ecommerce/src/constants/environment.ts","statementMap":{"0":{"start":{"line":1,"column":0},"end":{"line":1,"column":null}},"1":{"start":{"line":2,"column":2},"end":{"line":2,"column":null}},"2":{"start":{"line":3,"column":2},"end":{"line":3,"column":null}},"3":{"start":{"line":4,"column":2},"end":{"line":4,"column":null}}},"fnMap":{"0":{"name":"(anonymous_0)","decl":{"start":{"line":1,"column":0},"end":{"line":1,"column":12}},"loc":{"start":{"line":1,"column":23},"end":{"line":5,"column":1}}}},"branchMap":{"0":{"loc":{"start":{"line":1,"column":12},"end":{"line":1,"column":null}},"type":"binary-expr","locations":[{"start":{"line":1,"column":12},"end":{"line":1,"column":23}},{"start":{"line":1,"column":23},"end":{"line":1,"column":null}}]}},"s":{"0":2,"1":2,"2":2,"3":2},"f":{"0":2},"b":{"0":[2,2]}}
}
