TN:
SF:src/config/env.ts
FNF:0
FNH:0
DA:1,4
DA:2,4
DA:3,4
DA:6,4
DA:7,4
DA:10,4
DA:11,4
DA:13,4
DA:14,4
DA:15,4
DA:16,4
DA:17,4
DA:20,4
DA:21,4
DA:22,4
DA:26,4
DA:27,4
DA:28,4
DA:32,4
LF:19
LH:19
BRDA:6,0,0,4
BRDA:6,0,1,4
BRDA:7,1,0,4
BRDA:7,1,1,4
BRDA:10,2,0,4
BRDA:10,2,1,4
BRDA:11,3,0,4
BRDA:11,3,1,4
BRDA:13,4,0,4
BRDA:13,4,1,4
BRDA:14,5,0,4
BRDA:14,5,1,4
BRDA:15,6,0,4
BRDA:15,6,1,4
BRDA:16,7,0,4
BRDA:16,7,1,4
BRDA:17,8,0,4
BRDA:17,8,1,4
BRDA:27,9,0,4
BRDA:27,9,1,4
BRDA:28,10,0,4
BRDA:28,10,1,4
BRF:22
BRH:22
end_of_record
TN:
SF:src/constants/environment.ts
FN:1,(anonymous_0)
FNF:1
FNH:1
FNDA:4,(anonymous_0)
DA:1,4
DA:2,4
DA:3,4
DA:4,4
LF:4
LH:4
BRDA:1,0,0,4
BRDA:1,0,1,4
BRF:2
BRH:2
end_of_record
