TN:
SF:src/config/env.ts
FNF:0
FNH:0
DA:1,1
DA:2,1
DA:3,1
DA:6,1
DA:7,1
DA:10,1
DA:11,1
DA:13,1
DA:14,1
DA:15,1
DA:16,1
DA:17,1
DA:20,1
DA:21,1
DA:22,1
DA:26,1
DA:27,1
DA:28,1
DA:32,1
LF:19
LH:19
BRDA:6,0,0,1
BRDA:6,0,1,1
BRDA:7,1,0,1
BRDA:7,1,1,1
BRDA:10,2,0,1
BRDA:10,2,1,1
BRDA:11,3,0,1
BRDA:11,3,1,1
BRDA:13,4,0,1
BRDA:13,4,1,1
BRDA:14,5,0,1
BRDA:14,5,1,1
BRDA:15,6,0,1
BRDA:15,6,1,1
BRDA:16,7,0,1
BRDA:16,7,1,1
BRDA:17,8,0,1
BRDA:17,8,1,1
BRDA:27,9,0,1
BRDA:27,9,1,1
BRDA:28,10,0,1
BRDA:28,10,1,1
BRF:22
BRH:22
end_of_record
TN:
SF:src/constants/environment.ts
FN:1,(anonymous_0)
FNF:1
FNH:1
FNDA:1,(anonymous_0)
DA:1,1
DA:2,1
DA:3,1
DA:4,1
LF:4
LH:4
BRDA:1,0,0,1
BRDA:1,0,1,1
BRF:2
BRH:2
end_of_record
